<?xml version="1.0" encoding="UTF-8"?>
<!-- Generated by org.testng.reporters.JUnitReportReporter -->
<testsuite skipped="0" hostname="DESKTOP-28A6BD0" name="com.automation.testcases.LoginTest" tests="1" failures="0" timestamp="2019-12-03T00:58:34 IST" time="4.351" errors="0">
  <testcase name="loginApp" time="4.351" classname="com.automation.testcases.LoginTest"/>
</testsuite> <!-- com.automation.testcases.LoginTest -->
